<?xml version="1.0" encoding="UTF-8"?>
<!-- Generated by org.testng.reporters.JUnitReportReporter -->
<testsuite hostname="Gulsan" failures="0" tests="1" name="tests.VerificationPointTest" time="10.494" errors="0" timestamp="4 Mar 2024 23:42:20 GMT">
  <testcase classname="tests.VerificationPointTest" name="testFirstKatalonTestScript" time="10.494"/>
</testsuite> <!-- tests.VerificationPointTest -->
