<?xml version="1.0" encoding="UTF-8"?>
<!-- Generated by org.testng.reporters.JUnitReportReporter -->
<testsuite hostname="Gulsan" failures="0" tests="1" name="tests.FirstKatalonTestScript" time="19.491" errors="0" timestamp="4 Mar 2024 23:41:39 GMT">
  <testcase classname="tests.FirstKatalonTestScript" name="testFirstKatalonTestScript" time="19.491"/>
</testsuite> <!-- tests.FirstKatalonTestScript -->
